[2018-01-30 15:40:31] local.ERROR: date() expects at least 1 parameter, 0 given {"userId":1,"email":"test@example.com","exception":"[object] (ErrorException(code: 0): date() expects at least 1 parameter, 0 given at C:\\xampp\\htdocs\\ujianSekolah\\routes\\web.php:15)"} []
[2018-01-30 15:40:35] local.ERROR: date() expects at least 1 parameter, 0 given {"userId":1,"email":"test@example.com","exception":"[object] (ErrorException(code: 0): date() expects at least 1 parameter, 0 given at C:\\xampp\\htdocs\\ujianSekolah\\routes\\web.php:15)"} []
[2018-01-30 15:41:08] local.ERROR: Class 'Carbon' not found {"userId":1,"email":"test@example.com","exception":"[object] (Symfony\\Component\\Debug\\Exception\\FatalThrowableError(code: 0): Class 'Carbon' not found at C:\\xampp\\htdocs\\ujianSekolah\\routes\\web.php:15)"} []
<<<<<<< HEAD
[2018-01-31 14:20:48] local.ERROR: SQLSTATE[22001]: String data, right truncated: 1406 Data too long for column 'judul_ujian' at row 1 (SQL: insert into `ujian` (`id_mapel`, `nip`, `judul_ujian`, `waktu_pengerjaan`, `tanggal_kadaluarsa`, `catatan`) values (1, 1958829381923, Ulangan Akhir Semester Pendidikan Agama dan Budi Pekerti, 03:00:00, 2018-2-09, Ulangan ini tidak boleh open book bolehnya open internet karena internet lebih bagus daripada buku, boom.)) {"userId":1,"email":"test@example.com","exception":"[object] (Illuminate\\Database\\QueryException(code: 22001): SQLSTATE[22001]: String data, right truncated: 1406 Data too long for column 'judul_ujian' at row 1 (SQL: insert into `ujian` (`id_mapel`, `nip`, `judul_ujian`, `waktu_pengerjaan`, `tanggal_kadaluarsa`, `catatan`) values (1, 1958829381923, Ulangan Akhir Semester Pendidikan Agama dan Budi Pekerti, 03:00:00, 2018-2-09, Ulangan ini tidak boleh open book bolehnya open internet karena internet lebih bagus daripada buku, boom.)) at J:\\Coding\\xampp\\htdocs\\ujianSekolah\\vendor\\laravel\\framework\\src\\Illuminate\\Database\\Connection.php:664, PDOException(code: 22001): SQLSTATE[22001]: String data, right truncated: 1406 Data too long for column 'judul_ujian' at row 1 at J:\\Coding\\xampp\\htdocs\\ujianSekolah\\vendor\\laravel\\framework\\src\\Illuminate\\Database\\Connection.php:458)"} []
[2018-01-31 14:28:45] local.ERROR: Parse error: syntax error, unexpected '', '' (T_CONSTANT_ENCAPSED_STRING), expecting ',' or ')' {"exception":"[object] (Symfony\\Component\\Debug\\Exception\\FatalThrowableError(code: 0): Parse error: syntax error, unexpected '', '' (T_CONSTANT_ENCAPSED_STRING), expecting ',' or ')' at J:\\Coding\\xampp\\htdocs\\ujianSekolah\\routes\\web.php:70)"} []
[2018-01-31 14:35:03] local.ERROR: Parse error: syntax error, unexpected '}', expecting ',' or ')' (View: J:\Coding\xampp\htdocs\ujianSekolah\resources\views\admin\kelola-ujian\detail.blade.php) {"userId":1,"email":"test@example.com","exception":"[object] (ErrorException(code: 0): Parse error: syntax error, unexpected '}', expecting ',' or ')' (View: J:\\Coding\\xampp\\htdocs\\ujianSekolah\\resources\\views\\admin\\kelola-ujian\\detail.blade.php) at J:\\Coding\\xampp\\htdocs\\ujianSekolah\\storage\\framework\\views\\7e15d2479a30f92057d3acfb83326bed1e12f64f.php:12, Symfony\\Component\\Debug\\Exception\\FatalThrowableError(code: 0): Parse error: syntax error, unexpected '}', expecting ',' or ')' at J:\\Coding\\xampp\\htdocs\\ujianSekolah\\storage\\framework\\views\\7e15d2479a30f92057d3acfb83326bed1e12f64f.php:12)"} []
[2018-01-31 14:35:27] local.ERROR: Parse error: syntax error, unexpected '}', expecting ',' or ')' (View: J:\Coding\xampp\htdocs\ujianSekolah\resources\views\admin\kelola-ujian\detail.blade.php) {"userId":1,"email":"test@example.com","exception":"[object] (ErrorException(code: 0): Parse error: syntax error, unexpected '}', expecting ',' or ')' (View: J:\\Coding\\xampp\\htdocs\\ujianSekolah\\resources\\views\\admin\\kelola-ujian\\detail.blade.php) at J:\\Coding\\xampp\\htdocs\\ujianSekolah\\storage\\framework\\views\\7e15d2479a30f92057d3acfb83326bed1e12f64f.php:12, Symfony\\Component\\Debug\\Exception\\FatalThrowableError(code: 0): Parse error: syntax error, unexpected '}', expecting ',' or ')' at J:\\Coding\\xampp\\htdocs\\ujianSekolah\\storage\\framework\\views\\7e15d2479a30f92057d3acfb83326bed1e12f64f.php:12)"} []
[2018-01-31 14:36:05] local.ERROR: Parse error: syntax error, unexpected '}', expecting ',' or ')' (View: J:\Coding\xampp\htdocs\ujianSekolah\resources\views\admin\kelola-ujian\detail.blade.php) {"userId":1,"email":"test@example.com","exception":"[object] (ErrorException(code: 0): Parse error: syntax error, unexpected '}', expecting ',' or ')' (View: J:\\Coding\\xampp\\htdocs\\ujianSekolah\\resources\\views\\admin\\kelola-ujian\\detail.blade.php) at J:\\Coding\\xampp\\htdocs\\ujianSekolah\\storage\\framework\\views\\7e15d2479a30f92057d3acfb83326bed1e12f64f.php:12, Symfony\\Component\\Debug\\Exception\\FatalThrowableError(code: 0): Parse error: syntax error, unexpected '}', expecting ',' or ')' at J:\\Coding\\xampp\\htdocs\\ujianSekolah\\storage\\framework\\views\\7e15d2479a30f92057d3acfb83326bed1e12f64f.php:12)"} []
[2018-01-31 14:36:44] local.ERROR: Parse error: syntax error, unexpected '}', expecting ',' or ')' (View: J:\Coding\xampp\htdocs\ujianSekolah\resources\views\admin\kelola-ujian\detail.blade.php) {"userId":1,"email":"test@example.com","exception":"[object] (ErrorException(code: 0): Parse error: syntax error, unexpected '}', expecting ',' or ')' (View: J:\\Coding\\xampp\\htdocs\\ujianSekolah\\resources\\views\\admin\\kelola-ujian\\detail.blade.php) at J:\\Coding\\xampp\\htdocs\\ujianSekolah\\storage\\framework\\views\\7e15d2479a30f92057d3acfb83326bed1e12f64f.php:12, Symfony\\Component\\Debug\\Exception\\FatalThrowableError(code: 0): Parse error: syntax error, unexpected '}', expecting ',' or ')' at J:\\Coding\\xampp\\htdocs\\ujianSekolah\\storage\\framework\\views\\7e15d2479a30f92057d3acfb83326bed1e12f64f.php:12)"} []
[2018-01-31 14:38:22] local.ERROR: Parse error: syntax error, unexpected '}', expecting ',' or ')' (View: J:\Coding\xampp\htdocs\ujianSekolah\resources\views\admin\kelola-ujian\detail.blade.php) {"userId":1,"email":"test@example.com","exception":"[object] (ErrorException(code: 0): Parse error: syntax error, unexpected '}', expecting ',' or ')' (View: J:\\Coding\\xampp\\htdocs\\ujianSekolah\\resources\\views\\admin\\kelola-ujian\\detail.blade.php) at J:\\Coding\\xampp\\htdocs\\ujianSekolah\\storage\\framework\\views\\7e15d2479a30f92057d3acfb83326bed1e12f64f.php:12, Symfony\\Component\\Debug\\Exception\\FatalThrowableError(code: 0): Parse error: syntax error, unexpected '}', expecting ',' or ')' at J:\\Coding\\xampp\\htdocs\\ujianSekolah\\storage\\framework\\views\\7e15d2479a30f92057d3acfb83326bed1e12f64f.php:12)"} []
[2018-01-31 14:42:30] local.ERROR: Parse error: syntax error, unexpected '}', expecting ',' or ')' (View: J:\Coding\xampp\htdocs\ujianSekolah\resources\views\admin\kelola-ujian\detail.blade.php) {"userId":1,"email":"test@example.com","exception":"[object] (ErrorException(code: 0): Parse error: syntax error, unexpected '}', expecting ',' or ')' (View: J:\\Coding\\xampp\\htdocs\\ujianSekolah\\resources\\views\\admin\\kelola-ujian\\detail.blade.php) at J:\\Coding\\xampp\\htdocs\\ujianSekolah\\storage\\framework\\views\\7e15d2479a30f92057d3acfb83326bed1e12f64f.php:12, Symfony\\Component\\Debug\\Exception\\FatalThrowableError(code: 0): Parse error: syntax error, unexpected '}', expecting ',' or ')' at J:\\Coding\\xampp\\htdocs\\ujianSekolah\\storage\\framework\\views\\7e15d2479a30f92057d3acfb83326bed1e12f64f.php:12)"} []
[2018-01-31 14:42:50] local.ERROR: Undefined variable: mapel (View: J:\Coding\xampp\htdocs\ujianSekolah\resources\views\admin\kelola-ujian\detail.blade.php) {"userId":1,"email":"test@example.com","exception":"[object] (ErrorException(code: 0): Undefined variable: mapel (View: J:\\Coding\\xampp\\htdocs\\ujianSekolah\\resources\\views\\admin\\kelola-ujian\\detail.blade.php) at J:\\Coding\\xampp\\htdocs\\ujianSekolah\\storage\\framework\\views\\7e15d2479a30f92057d3acfb83326bed1e12f64f.php:17, ErrorException(code: 0): Undefined variable: mapel at J:\\Coding\\xampp\\htdocs\\ujianSekolah\\storage\\framework\\views\\7e15d2479a30f92057d3acfb83326bed1e12f64f.php:17)"} []
[2018-01-31 14:43:03] local.ERROR: Undefined variable: mapel (View: J:\Coding\xampp\htdocs\ujianSekolah\resources\views\admin\kelola-ujian\detail.blade.php) {"userId":1,"email":"test@example.com","exception":"[object] (ErrorException(code: 0): Undefined variable: mapel (View: J:\\Coding\\xampp\\htdocs\\ujianSekolah\\resources\\views\\admin\\kelola-ujian\\detail.blade.php) at J:\\Coding\\xampp\\htdocs\\ujianSekolah\\storage\\framework\\views\\7e15d2479a30f92057d3acfb83326bed1e12f64f.php:17, ErrorException(code: 0): Undefined variable: mapel at J:\\Coding\\xampp\\htdocs\\ujianSekolah\\storage\\framework\\views\\7e15d2479a30f92057d3acfb83326bed1e12f64f.php:17)"} []
[2018-01-31 14:43:06] local.ERROR: Undefined variable: mapel (View: J:\Coding\xampp\htdocs\ujianSekolah\resources\views\admin\kelola-ujian\detail.blade.php) {"userId":1,"email":"test@example.com","exception":"[object] (ErrorException(code: 0): Undefined variable: mapel (View: J:\\Coding\\xampp\\htdocs\\ujianSekolah\\resources\\views\\admin\\kelola-ujian\\detail.blade.php) at J:\\Coding\\xampp\\htdocs\\ujianSekolah\\storage\\framework\\views\\7e15d2479a30f92057d3acfb83326bed1e12f64f.php:17, ErrorException(code: 0): Undefined variable: mapel at J:\\Coding\\xampp\\htdocs\\ujianSekolah\\storage\\framework\\views\\7e15d2479a30f92057d3acfb83326bed1e12f64f.php:17)"} []
[2018-01-31 14:43:08] local.ERROR: Undefined variable: mapel (View: J:\Coding\xampp\htdocs\ujianSekolah\resources\views\admin\kelola-ujian\detail.blade.php) {"userId":1,"email":"test@example.com","exception":"[object] (ErrorException(code: 0): Undefined variable: mapel (View: J:\\Coding\\xampp\\htdocs\\ujianSekolah\\resources\\views\\admin\\kelola-ujian\\detail.blade.php) at J:\\Coding\\xampp\\htdocs\\ujianSekolah\\storage\\framework\\views\\7e15d2479a30f92057d3acfb83326bed1e12f64f.php:17, ErrorException(code: 0): Undefined variable: mapel at J:\\Coding\\xampp\\htdocs\\ujianSekolah\\storage\\framework\\views\\7e15d2479a30f92057d3acfb83326bed1e12f64f.php:17)"} []
[2018-01-31 14:45:11] local.ERROR: Undefined variable: mapel (View: J:\Coding\xampp\htdocs\ujianSekolah\resources\views\admin\kelola-ujian\detail.blade.php) {"userId":1,"email":"test@example.com","exception":"[object] (ErrorException(code: 0): Undefined variable: mapel (View: J:\\Coding\\xampp\\htdocs\\ujianSekolah\\resources\\views\\admin\\kelola-ujian\\detail.blade.php) at J:\\Coding\\xampp\\htdocs\\ujianSekolah\\storage\\framework\\views\\7e15d2479a30f92057d3acfb83326bed1e12f64f.php:17, ErrorException(code: 0): Undefined variable: mapel at J:\\Coding\\xampp\\htdocs\\ujianSekolah\\storage\\framework\\views\\7e15d2479a30f92057d3acfb83326bed1e12f64f.php:17)"} []
[2018-01-31 14:58:05] local.ERROR: Undefined variable: mapel (View: J:\Coding\xampp\htdocs\ujianSekolah\resources\views\admin\kelola-ujian\detail.blade.php) {"userId":1,"email":"test@example.com","exception":"[object] (ErrorException(code: 0): Undefined variable: mapel (View: J:\\Coding\\xampp\\htdocs\\ujianSekolah\\resources\\views\\admin\\kelola-ujian\\detail.blade.php) at J:\\Coding\\xampp\\htdocs\\ujianSekolah\\storage\\framework\\views\\7e15d2479a30f92057d3acfb83326bed1e12f64f.php:17, ErrorException(code: 0): Undefined variable: mapel at J:\\Coding\\xampp\\htdocs\\ujianSekolah\\storage\\framework\\views\\7e15d2479a30f92057d3acfb83326bed1e12f64f.php:17)"} []
=======
[2018-01-31 14:28:54] local.ERROR: Trying to get property of non-object (View: C:\xampp\htdocs\ujianSekolah\resources\views\admin\kelola-siswa\edit.blade.php) {"userId":1,"email":"test@example.com","exception":"[object] (ErrorException(code: 0): Trying to get property of non-object (View: C:\\xampp\\htdocs\\ujianSekolah\\resources\\views\\admin\\kelola-siswa\\edit.blade.php) at C:\\xampp\\htdocs\\ujianSekolah\\storage\\framework\\views\\b423dd4e0c8cc72bea4afa8d576193c1be633c8c.php:9, ErrorException(code: 0): Trying to get property of non-object at C:\\xampp\\htdocs\\ujianSekolah\\storage\\framework\\views\\b423dd4e0c8cc72bea4afa8d576193c1be633c8c.php:9)"} []
[2018-01-31 14:30:08] local.ERROR: Parse error: syntax error, unexpected '[', expecting identifier (T_STRING) or variable (T_VARIABLE) or '{' or '$' (View: C:\xampp\htdocs\ujianSekolah\resources\views\admin\kelola-siswa\edit.blade.php) {"userId":1,"email":"test@example.com","exception":"[object] (ErrorException(code: 0): Parse error: syntax error, unexpected '[', expecting identifier (T_STRING) or variable (T_VARIABLE) or '{' or '$' (View: C:\\xampp\\htdocs\\ujianSekolah\\resources\\views\\admin\\kelola-siswa\\edit.blade.php) at C:\\xampp\\htdocs\\ujianSekolah\\storage\\framework\\views\\b423dd4e0c8cc72bea4afa8d576193c1be633c8c.php:9, Symfony\\Component\\Debug\\Exception\\FatalThrowableError(code: 0): Parse error: syntax error, unexpected '[', expecting identifier (T_STRING) or variable (T_VARIABLE) or '{' or '$' at C:\\xampp\\htdocs\\ujianSekolah\\storage\\framework\\views\\b423dd4e0c8cc72bea4afa8d576193c1be633c8c.php:9)"} []
[2018-01-31 14:30:30] local.ERROR: Parse error: syntax error, unexpected '[', expecting identifier (T_STRING) or variable (T_VARIABLE) or '{' or '$' (View: C:\xampp\htdocs\ujianSekolah\resources\views\admin\kelola-siswa\edit.blade.php) {"userId":1,"email":"test@example.com","exception":"[object] (ErrorException(code: 0): Parse error: syntax error, unexpected '[', expecting identifier (T_STRING) or variable (T_VARIABLE) or '{' or '$' (View: C:\\xampp\\htdocs\\ujianSekolah\\resources\\views\\admin\\kelola-siswa\\edit.blade.php) at C:\\xampp\\htdocs\\ujianSekolah\\storage\\framework\\views\\b423dd4e0c8cc72bea4afa8d576193c1be633c8c.php:9, Symfony\\Component\\Debug\\Exception\\FatalThrowableError(code: 0): Parse error: syntax error, unexpected '[', expecting identifier (T_STRING) or variable (T_VARIABLE) or '{' or '$' at C:\\xampp\\htdocs\\ujianSekolah\\storage\\framework\\views\\b423dd4e0c8cc72bea4afa8d576193c1be633c8c.php:9)"} []
[2018-01-31 14:31:21] local.ERROR: Trying to get property of non-object (View: C:\xampp\htdocs\ujianSekolah\resources\views\admin\kelola-siswa\edit.blade.php) {"userId":1,"email":"test@example.com","exception":"[object] (ErrorException(code: 0): Trying to get property of non-object (View: C:\\xampp\\htdocs\\ujianSekolah\\resources\\views\\admin\\kelola-siswa\\edit.blade.php) at C:\\xampp\\htdocs\\ujianSekolah\\storage\\framework\\views\\b423dd4e0c8cc72bea4afa8d576193c1be633c8c.php:9, ErrorException(code: 0): Trying to get property of non-object at C:\\xampp\\htdocs\\ujianSekolah\\storage\\framework\\views\\b423dd4e0c8cc72bea4afa8d576193c1be633c8c.php:9)"} []
>>>>>>> b06d4c5693f9346a388c44a1f99d52e4cefb2f13
[2018-01-31 15:02:19] local.ERROR: Parse error: syntax error, unexpected '<<' (T_SL), expecting end of file {"exception":"[object] (Symfony\\Component\\Debug\\Exception\\FatalThrowableError(code: 0): Parse error: syntax error, unexpected '<<' (T_SL), expecting end of file at J:\\Coding\\xampp\\htdocs\\ujianSekolah\\routes\\web.php:68)"} []
[2018-01-31 15:02:26] local.ERROR: Parse error: syntax error, unexpected '<<' (T_SL), expecting end of file {"exception":"[object] (Symfony\\Component\\Debug\\Exception\\FatalThrowableError(code: 0): Parse error: syntax error, unexpected '<<' (T_SL), expecting end of file at J:\\Coding\\xampp\\htdocs\\ujianSekolah\\routes\\web.php:68)"} []
[2018-01-31 15:12:47] local.ERROR: Parse error: syntax error, unexpected '<<' (T_SL) {"exception":"[object] (Symfony\\Component\\Debug\\Exception\\FatalThrowableError(code: 0): Parse error: syntax error, unexpected '<<' (T_SL) at J:\\Coding\\xampp\\htdocs\\ujianSekolah\\app\\Http\\Controllers\\UjianController.php:90)"} []
[2018-01-31 15:20:10] local.ERROR: Call to undefined function App\Http\Controllers\TIME_TO_SEC() {"userId":1,"email":"test@example.com","exception":"[object] (Symfony\\Component\\Debug\\Exception\\FatalThrowableError(code: 0): Call to undefined function App\\Http\\Controllers\\TIME_TO_SEC() at J:\\Coding\\xampp\\htdocs\\ujianSekolah\\app\\Http\\Controllers\\UjianController.php:94)"} []
[2018-01-31 15:24:03] local.ERROR: Call to undefined function App\Http\Controllers\time_to_sec() {"userId":1,"email":"test@example.com","exception":"[object] (Symfony\\Component\\Debug\\Exception\\FatalThrowableError(code: 0): Call to undefined function App\\Http\\Controllers\\time_to_sec() at J:\\Coding\\xampp\\htdocs\\ujianSekolah\\app\\Http\\Controllers\\UjianController.php:103)"} []
[2018-01-31 18:44:33] local.ERROR: Call to undefined function App\Http\Controllers\timetosec() {"userId":1,"email":"test@example.com","exception":"[object] (Symfony\\Component\\Debug\\Exception\\FatalThrowableError(code: 0): Call to undefined function App\\Http\\Controllers\\timetosec() at J:\\Coding\\xampp\\htdocs\\ujianSekolah\\app\\Http\\Controllers\\UjianController.php:103)"} []
[2018-01-31 18:45:00] local.ERROR: Call to undefined function App\Http\Controllers\timetosec() {"userId":1,"email":"test@example.com","exception":"[object] (Symfony\\Component\\Debug\\Exception\\FatalThrowableError(code: 0): Call to undefined function App\\Http\\Controllers\\timetosec() at J:\\Coding\\xampp\\htdocs\\ujianSekolah\\app\\Http\\Controllers\\UjianController.php:104)"} []
[2018-01-31 18:45:11] local.ERROR: Call to undefined function App\Http\Controllers\timetosec() {"userId":1,"email":"test@example.com","exception":"[object] (Symfony\\Component\\Debug\\Exception\\FatalThrowableError(code: 0): Call to undefined function App\\Http\\Controllers\\timetosec() at J:\\Coding\\xampp\\htdocs\\ujianSekolah\\app\\Http\\Controllers\\UjianController.php:104)"} []
[2018-02-03 23:47:31] local.ERROR: Parse error: syntax error, unexpected ';' {"exception":"[object] (Symfony\\Component\\Debug\\Exception\\FatalThrowableError(code: 0): Parse error: syntax error, unexpected ';' at J:\\Coding\\xampp\\htdocs\\ujianSekolah\\app\\Http\\Controllers\\UjianController.php:103)"} []
[2018-02-04 00:55:53] local.ERROR: SQLSTATE[42S22]: Column not found: 1054 Unknown column 'mapel' in 'field list' (SQL: update `ujian` set `waktu_pengerjaan` = 10980, `catatan` = Tidak ada deskripsi v2., `mapel` = Pendidikan Agama dan Budi Pekerti, `judul` = Judul yang ke 3, `batas_pengerjaan` = 2018-1-19 where `id_ujian` = 4) {"userId":1,"email":"test@example.com","exception":"[object] (Illuminate\\Database\\QueryException(code: 42S22): SQLSTATE[42S22]: Column not found: 1054 Unknown column 'mapel' in 'field list' (SQL: update `ujian` set `waktu_pengerjaan` = 10980, `catatan` = Tidak ada deskripsi v2., `mapel` = Pendidikan Agama dan Budi Pekerti, `judul` = Judul yang ke 3, `batas_pengerjaan` = 2018-1-19 where `id_ujian` = 4) at J:\\Coding\\xampp\\htdocs\\ujianSekolah\\vendor\\laravel\\framework\\src\\Illuminate\\Database\\Connection.php:664, PDOException(code: 42S22): SQLSTATE[42S22]: Column not found: 1054 Unknown column 'mapel' in 'field list' at J:\\Coding\\xampp\\htdocs\\ujianSekolah\\vendor\\laravel\\framework\\src\\Illuminate\\Database\\Connection.php:479)"} []
[2018-02-04 00:57:01] local.ERROR: SQLSTATE[42S22]: Column not found: 1054 Unknown column 'judul' in 'field list' (SQL: update `ujian` set `id_mapel` = , `waktu_pengerjaan` = 10980, `catatan` = Tidak ada deskripsi v2., `judul` = Judul yang ke 3, `batas_pengerjaan` = 2018-1-19 where `id_ujian` = 4) {"userId":1,"email":"test@example.com","exception":"[object] (Illuminate\\Database\\QueryException(code: 42S22): SQLSTATE[42S22]: Column not found: 1054 Unknown column 'judul' in 'field list' (SQL: update `ujian` set `id_mapel` = , `waktu_pengerjaan` = 10980, `catatan` = Tidak ada deskripsi v2., `judul` = Judul yang ke 3, `batas_pengerjaan` = 2018-1-19 where `id_ujian` = 4) at J:\\Coding\\xampp\\htdocs\\ujianSekolah\\vendor\\laravel\\framework\\src\\Illuminate\\Database\\Connection.php:664, PDOException(code: 42S22): SQLSTATE[42S22]: Column not found: 1054 Unknown column 'judul' in 'field list' at J:\\Coding\\xampp\\htdocs\\ujianSekolah\\vendor\\laravel\\framework\\src\\Illuminate\\Database\\Connection.php:479)"} []
[2018-02-04 00:57:12] local.ERROR: SQLSTATE[42S22]: Column not found: 1054 Unknown column 'batas_pengerjaan' in 'field list' (SQL: update `ujian` set `id_mapel` = , `waktu_pengerjaan` = 10980, `catatan` = Tidak ada deskripsi v2., `batas_pengerjaan` = 2018-1-19 where `id_ujian` = 4) {"userId":1,"email":"test@example.com","exception":"[object] (Illuminate\\Database\\QueryException(code: 42S22): SQLSTATE[42S22]: Column not found: 1054 Unknown column 'batas_pengerjaan' in 'field list' (SQL: update `ujian` set `id_mapel` = , `waktu_pengerjaan` = 10980, `catatan` = Tidak ada deskripsi v2., `batas_pengerjaan` = 2018-1-19 where `id_ujian` = 4) at J:\\Coding\\xampp\\htdocs\\ujianSekolah\\vendor\\laravel\\framework\\src\\Illuminate\\Database\\Connection.php:664, PDOException(code: 42S22): SQLSTATE[42S22]: Column not found: 1054 Unknown column 'batas_pengerjaan' in 'field list' at J:\\Coding\\xampp\\htdocs\\ujianSekolah\\vendor\\laravel\\framework\\src\\Illuminate\\Database\\Connection.php:479)"} []
[2018-02-04 00:57:24] local.ERROR: SQLSTATE[23000]: Integrity constraint violation: 1048 Column 'id_mapel' cannot be null (SQL: update `ujian` set `id_mapel` = , `waktu_pengerjaan` = 10980, `tanggal_kadaluarsa` = 2018-1-19, `catatan` = Tidak ada deskripsi v2. where `id_ujian` = 4) {"userId":1,"email":"test@example.com","exception":"[object] (Illuminate\\Database\\QueryException(code: 23000): SQLSTATE[23000]: Integrity constraint violation: 1048 Column 'id_mapel' cannot be null (SQL: update `ujian` set `id_mapel` = , `waktu_pengerjaan` = 10980, `tanggal_kadaluarsa` = 2018-1-19, `catatan` = Tidak ada deskripsi v2. where `id_ujian` = 4) at J:\\Coding\\xampp\\htdocs\\ujianSekolah\\vendor\\laravel\\framework\\src\\Illuminate\\Database\\Connection.php:664, PDOException(code: 23000): SQLSTATE[23000]: Integrity constraint violation: 1048 Column 'id_mapel' cannot be null at J:\\Coding\\xampp\\htdocs\\ujianSekolah\\vendor\\laravel\\framework\\src\\Illuminate\\Database\\Connection.php:483)"} []
[2018-02-04 00:58:34] local.ERROR: SQLSTATE[23000]: Integrity constraint violation: 1048 Column 'id_mapel' cannot be null (SQL: update `ujian` set `id_mapel` = , `waktu_pengerjaan` = 10980, `tanggal_kadaluarsa` = 2018-1-19, `catatan` = Tidak ada deskripsi v2. where `id_ujian` = 4) {"userId":1,"email":"test@example.com","exception":"[object] (Illuminate\\Database\\QueryException(code: 23000): SQLSTATE[23000]: Integrity constraint violation: 1048 Column 'id_mapel' cannot be null (SQL: update `ujian` set `id_mapel` = , `waktu_pengerjaan` = 10980, `tanggal_kadaluarsa` = 2018-1-19, `catatan` = Tidak ada deskripsi v2. where `id_ujian` = 4) at J:\\Coding\\xampp\\htdocs\\ujianSekolah\\vendor\\laravel\\framework\\src\\Illuminate\\Database\\Connection.php:664, PDOException(code: 23000): SQLSTATE[23000]: Integrity constraint violation: 1048 Column 'id_mapel' cannot be null at J:\\Coding\\xampp\\htdocs\\ujianSekolah\\vendor\\laravel\\framework\\src\\Illuminate\\Database\\Connection.php:483)"} []
[2018-02-04 00:58:46] local.ERROR: SQLSTATE[22007]: Invalid datetime format: 1366 Incorrect integer value: 'Pendidikan Agama dan Budi Pekerti' for column 'id_mapel' at row 1 (SQL: update `ujian` set `id_mapel` = Pendidikan Agama dan Budi Pekerti, `waktu_pengerjaan` = 10980, `tanggal_kadaluarsa` = 2018-1-19, `catatan` = Tidak ada deskripsi v2. where `id_ujian` = 4) {"userId":1,"email":"test@example.com","exception":"[object] (Illuminate\\Database\\QueryException(code: 22007): SQLSTATE[22007]: Invalid datetime format: 1366 Incorrect integer value: 'Pendidikan Agama dan Budi Pekerti' for column 'id_mapel' at row 1 (SQL: update `ujian` set `id_mapel` = Pendidikan Agama dan Budi Pekerti, `waktu_pengerjaan` = 10980, `tanggal_kadaluarsa` = 2018-1-19, `catatan` = Tidak ada deskripsi v2. where `id_ujian` = 4) at J:\\Coding\\xampp\\htdocs\\ujianSekolah\\vendor\\laravel\\framework\\src\\Illuminate\\Database\\Connection.php:664, PDOException(code: 22007): SQLSTATE[22007]: Invalid datetime format: 1366 Incorrect integer value: 'Pendidikan Agama dan Budi Pekerti' for column 'id_mapel' at row 1 at J:\\Coding\\xampp\\htdocs\\ujianSekolah\\vendor\\laravel\\framework\\src\\Illuminate\\Database\\Connection.php:483)"} []
[2018-02-04 00:59:04] local.ERROR: Trying to get property of non-object {"userId":1,"email":"test@example.com","exception":"[object] (ErrorException(code: 0): Trying to get property of non-object at J:\\Coding\\xampp\\htdocs\\ujianSekolah\\app\\Http\\Controllers\\UjianController.php:128)"} []
[2018-02-04 01:00:56] local.ERROR: Parse error: syntax error, unexpected 'dd' (T_STRING) {"exception":"[object] (Symfony\\Component\\Debug\\Exception\\FatalThrowableError(code: 0): Parse error: syntax error, unexpected 'dd' (T_STRING) at J:\\Coding\\xampp\\htdocs\\ujianSekolah\\app\\Http\\Controllers\\UjianController.php:128)"} []
[2018-02-04 01:01:26] local.ERROR: SQLSTATE[22007]: Invalid datetime format: 1366 Incorrect integer value: 'Pendidikan Agama dan Budi Pekerti' for column 'id_mapel' at row 1 (SQL: update `ujian` set `id_mapel` = Pendidikan Agama dan Budi Pekerti, `waktu_pengerjaan` = 10980, `tanggal_kadaluarsa` = 2018-1-19, `catatan` = Tidak ada deskripsi v2. where `id_ujian` = 4) {"userId":1,"email":"test@example.com","exception":"[object] (Illuminate\\Database\\QueryException(code: 22007): SQLSTATE[22007]: Invalid datetime format: 1366 Incorrect integer value: 'Pendidikan Agama dan Budi Pekerti' for column 'id_mapel' at row 1 (SQL: update `ujian` set `id_mapel` = Pendidikan Agama dan Budi Pekerti, `waktu_pengerjaan` = 10980, `tanggal_kadaluarsa` = 2018-1-19, `catatan` = Tidak ada deskripsi v2. where `id_ujian` = 4) at J:\\Coding\\xampp\\htdocs\\ujianSekolah\\vendor\\laravel\\framework\\src\\Illuminate\\Database\\Connection.php:664, PDOException(code: 22007): SQLSTATE[22007]: Invalid datetime format: 1366 Incorrect integer value: 'Pendidikan Agama dan Budi Pekerti' for column 'id_mapel' at row 1 at J:\\Coding\\xampp\\htdocs\\ujianSekolah\\vendor\\laravel\\framework\\src\\Illuminate\\Database\\Connection.php:483)"} []
[2018-02-04 01:01:34] local.ERROR: SQLSTATE[22007]: Invalid datetime format: 1292 Incorrect time value: '10980' for column 'waktu_pengerjaan' at row 1 (SQL: update `ujian` set `waktu_pengerjaan` = 10980, `tanggal_kadaluarsa` = 2018-1-19, `catatan` = Tidak ada deskripsi v2. where `id_ujian` = 4) {"userId":1,"email":"test@example.com","exception":"[object] (Illuminate\\Database\\QueryException(code: 22007): SQLSTATE[22007]: Invalid datetime format: 1292 Incorrect time value: '10980' for column 'waktu_pengerjaan' at row 1 (SQL: update `ujian` set `waktu_pengerjaan` = 10980, `tanggal_kadaluarsa` = 2018-1-19, `catatan` = Tidak ada deskripsi v2. where `id_ujian` = 4) at J:\\Coding\\xampp\\htdocs\\ujianSekolah\\vendor\\laravel\\framework\\src\\Illuminate\\Database\\Connection.php:664, PDOException(code: 22007): SQLSTATE[22007]: Invalid datetime format: 1292 Incorrect time value: '10980' for column 'waktu_pengerjaan' at row 1 at J:\\Coding\\xampp\\htdocs\\ujianSekolah\\vendor\\laravel\\framework\\src\\Illuminate\\Database\\Connection.php:483)"} []
[2018-02-04 01:02:11] local.ERROR: A non well formed numeric value encountered {"userId":1,"email":"test@example.com","exception":"[object] (ErrorException(code: 0): A non well formed numeric value encountered at J:\\Coding\\xampp\\htdocs\\ujianSekolah\\app\\Http\\Controllers\\UjianController.php:131)"} []
[2018-02-04 01:02:22] local.ERROR: A non well formed numeric value encountered {"userId":1,"email":"test@example.com","exception":"[object] (ErrorException(code: 0): A non well formed numeric value encountered at J:\\Coding\\xampp\\htdocs\\ujianSekolah\\app\\Http\\Controllers\\UjianController.php:131)"} []
[2018-02-04 01:03:09] local.ERROR: SQLSTATE[23000]: Integrity constraint violation: 1048 Column 'id_mapel' cannot be null (SQL: update `ujian` set `id_mapel` = , `tanggal_kadaluarsa` = 2018-1-10, `catatan` = Tidak ada deskrips v2i. where `id_ujian` = 2) {"userId":1,"email":"test@example.com","exception":"[object] (Illuminate\\Database\\QueryException(code: 23000): SQLSTATE[23000]: Integrity constraint violation: 1048 Column 'id_mapel' cannot be null (SQL: update `ujian` set `id_mapel` = , `tanggal_kadaluarsa` = 2018-1-10, `catatan` = Tidak ada deskrips v2i. where `id_ujian` = 2) at J:\\Coding\\xampp\\htdocs\\ujianSekolah\\vendor\\laravel\\framework\\src\\Illuminate\\Database\\Connection.php:664, PDOException(code: 23000): SQLSTATE[23000]: Integrity constraint violation: 1048 Column 'id_mapel' cannot be null at J:\\Coding\\xampp\\htdocs\\ujianSekolah\\vendor\\laravel\\framework\\src\\Illuminate\\Database\\Connection.php:483)"} []
[2018-02-04 01:03:33] local.ERROR: SQLSTATE[23000]: Integrity constraint violation: 1048 Column 'id_mapel' cannot be null (SQL: update `ujian` set `id_mapel` = , `tanggal_kadaluarsa` = 2018-1-10, `catatan` = Tidak ada deskrips v2i. where `id_ujian` = 2) {"userId":1,"email":"test@example.com","exception":"[object] (Illuminate\\Database\\QueryException(code: 23000): SQLSTATE[23000]: Integrity constraint violation: 1048 Column 'id_mapel' cannot be null (SQL: update `ujian` set `id_mapel` = , `tanggal_kadaluarsa` = 2018-1-10, `catatan` = Tidak ada deskrips v2i. where `id_ujian` = 2) at J:\\Coding\\xampp\\htdocs\\ujianSekolah\\vendor\\laravel\\framework\\src\\Illuminate\\Database\\Connection.php:664, PDOException(code: 23000): SQLSTATE[23000]: Integrity constraint violation: 1048 Column 'id_mapel' cannot be null at J:\\Coding\\xampp\\htdocs\\ujianSekolah\\vendor\\laravel\\framework\\src\\Illuminate\\Database\\Connection.php:483)"} []
[2018-02-04 01:03:48] local.ERROR: SQLSTATE[23000]: Integrity constraint violation: 1048 Column 'id_mapel' cannot be null (SQL: update `ujian` set `id_mapel` = , `tanggal_kadaluarsa` = 2018-1-10, `catatan` = Tidak ada deskrips v2i. where `id_ujian` = 2) {"userId":1,"email":"test@example.com","exception":"[object] (Illuminate\\Database\\QueryException(code: 23000): SQLSTATE[23000]: Integrity constraint violation: 1048 Column 'id_mapel' cannot be null (SQL: update `ujian` set `id_mapel` = , `tanggal_kadaluarsa` = 2018-1-10, `catatan` = Tidak ada deskrips v2i. where `id_ujian` = 2) at J:\\Coding\\xampp\\htdocs\\ujianSekolah\\vendor\\laravel\\framework\\src\\Illuminate\\Database\\Connection.php:664, PDOException(code: 23000): SQLSTATE[23000]: Integrity constraint violation: 1048 Column 'id_mapel' cannot be null at J:\\Coding\\xampp\\htdocs\\ujianSekolah\\vendor\\laravel\\framework\\src\\Illuminate\\Database\\Connection.php:483)"} []
[2018-02-04 01:24:34] local.ERROR: Class 'App\Http\Controllers\Ujian' not found {"userId":1,"email":"test@example.com","exception":"[object] (Symfony\\Component\\Debug\\Exception\\FatalThrowableError(code: 0): Class 'App\\Http\\Controllers\\Ujian' not found at J:\\Coding\\xampp\\htdocs\\ujianSekolah\\app\\Http\\Controllers\\SoalController.php:26)"} []
[2018-02-04 01:24:52] local.ERROR: Parse error: syntax error, unexpected 'class' (T_CLASS), expecting ',' or ';' {"exception":"[object] (Symfony\\Component\\Debug\\Exception\\FatalThrowableError(code: 0): Parse error: syntax error, unexpected 'class' (T_CLASS), expecting ',' or ';' at J:\\Coding\\xampp\\htdocs\\ujianSekolah\\app\\Http\\Controllers\\SoalController.php:9)"} []
[2018-02-04 02:42:06] local.ERROR: Trying to get property of non-object (View: J:\Coding\xampp\htdocs\ujianSekolah\resources\views\admin\kelola-soal\create.blade.php) {"userId":1,"email":"test@example.com","exception":"[object] (ErrorException(code: 0): Trying to get property of non-object (View: J:\\Coding\\xampp\\htdocs\\ujianSekolah\\resources\\views\\admin\\kelola-soal\\create.blade.php) at J:\\Coding\\xampp\\htdocs\\ujianSekolah\\storage\\framework\\views\\307937904111a8664bcb0864bd5578573a242bf1.php:8, ErrorException(code: 0): Trying to get property of non-object at J:\\Coding\\xampp\\htdocs\\ujianSekolah\\storage\\framework\\views\\307937904111a8664bcb0864bd5578573a242bf1.php:8)"} []
[2018-02-04 02:42:48] local.ERROR: Trying to get property of non-object (View: J:\Coding\xampp\htdocs\ujianSekolah\resources\views\admin\kelola-soal\create.blade.php) {"userId":1,"email":"test@example.com","exception":"[object] (ErrorException(code: 0): Trying to get property of non-object (View: J:\\Coding\\xampp\\htdocs\\ujianSekolah\\resources\\views\\admin\\kelola-soal\\create.blade.php) at J:\\Coding\\xampp\\htdocs\\ujianSekolah\\storage\\framework\\views\\307937904111a8664bcb0864bd5578573a242bf1.php:8, ErrorException(code: 0): Trying to get property of non-object at J:\\Coding\\xampp\\htdocs\\ujianSekolah\\storage\\framework\\views\\307937904111a8664bcb0864bd5578573a242bf1.php:8)"} []
[2018-02-04 02:43:02] local.ERROR: Trying to get property of non-object (View: J:\Coding\xampp\htdocs\ujianSekolah\resources\views\admin\kelola-soal\create.blade.php) {"userId":1,"email":"test@example.com","exception":"[object] (ErrorException(code: 0): Trying to get property of non-object (View: J:\\Coding\\xampp\\htdocs\\ujianSekolah\\resources\\views\\admin\\kelola-soal\\create.blade.php) at J:\\Coding\\xampp\\htdocs\\ujianSekolah\\storage\\framework\\views\\307937904111a8664bcb0864bd5578573a242bf1.php:8, ErrorException(code: 0): Trying to get property of non-object at J:\\Coding\\xampp\\htdocs\\ujianSekolah\\storage\\framework\\views\\307937904111a8664bcb0864bd5578573a242bf1.php:8)"} []
[2018-02-04 08:16:43] local.ERROR: include(C:\xampp\htdocs\ujianSekolah\vendor\symfony\http-foundation\Cookie.php): failed to open stream: No such file or directory {"userId":1,"email":"test@example.com","exception":"[object] (ErrorException(code: 0): include(C:\\xampp\\htdocs\\ujianSekolah\\vendor\\symfony\\http-foundation\\Cookie.php): failed to open stream: No such file or directory at C:\\xampp\\htdocs\\ujianSekolah\\vendor\\composer\\ClassLoader.php:444)"} []
[2018-02-04 08:16:43] local.ERROR: include(C:\xampp\htdocs\ujianSekolah\vendor\symfony\http-foundation\AcceptHeader.php): failed to open stream: No such file or directory {"userId":1,"email":"test@example.com","exception":"[object] (ErrorException(code: 0): include(C:\\xampp\\htdocs\\ujianSekolah\\vendor\\symfony\\http-foundation\\AcceptHeader.php): failed to open stream: No such file or directory at C:\\xampp\\htdocs\\ujianSekolah\\vendor\\composer\\ClassLoader.php:444)"} []
[2018-02-04 08:16:43] local.ERROR: include(C:\xampp\htdocs\ujianSekolah\vendor\symfony\http-foundation\AcceptHeader.php): failed to open stream: No such file or directory {"userId":1,"email":"test@example.com","exception":"[object] (ErrorException(code: 0): include(C:\\xampp\\htdocs\\ujianSekolah\\vendor\\symfony\\http-foundation\\AcceptHeader.php): failed to open stream: No such file or directory at C:\\xampp\\htdocs\\ujianSekolah\\vendor\\composer\\ClassLoader.php:444)"} []
[2018-02-04 08:16:43] local.ERROR: include(C:\xampp\htdocs\ujianSekolah\vendor\symfony\http-foundation\AcceptHeader.php): failed to open stream: No such file or directory {"userId":1,"email":"test@example.com","exception":"[object] (ErrorException(code: 0): include(C:\\xampp\\htdocs\\ujianSekolah\\vendor\\symfony\\http-foundation\\AcceptHeader.php): failed to open stream: No such file or directory at C:\\xampp\\htdocs\\ujianSekolah\\vendor\\composer\\ClassLoader.php:444)"} []
[2018-02-04 08:16:43] local.ERROR: include(C:\xampp\htdocs\ujianSekolah\vendor\symfony\http-foundation\AcceptHeader.php): failed to open stream: No such file or directory {"userId":1,"email":"test@example.com","exception":"[object] (ErrorException(code: 0): include(C:\\xampp\\htdocs\\ujianSekolah\\vendor\\symfony\\http-foundation\\AcceptHeader.php): failed to open stream: No such file or directory at C:\\xampp\\htdocs\\ujianSekolah\\vendor\\composer\\ClassLoader.php:444)"} []
[2018-02-04 08:16:43] local.ERROR: include(C:\xampp\htdocs\ujianSekolah\vendor\symfony\http-foundation\AcceptHeader.php): failed to open stream: No such file or directory {"userId":1,"email":"test@example.com","exception":"[object] (ErrorException(code: 0): include(C:\\xampp\\htdocs\\ujianSekolah\\vendor\\symfony\\http-foundation\\AcceptHeader.php): failed to open stream: No such file or directory at C:\\xampp\\htdocs\\ujianSekolah\\vendor\\composer\\ClassLoader.php:444)"} []
[2018-02-04 08:16:43] local.ERROR: include(C:\xampp\htdocs\ujianSekolah\vendor\symfony\http-foundation\AcceptHeader.php): failed to open stream: No such file or directory {"userId":1,"email":"test@example.com","exception":"[object] (ErrorException(code: 0): include(C:\\xampp\\htdocs\\ujianSekolah\\vendor\\symfony\\http-foundation\\AcceptHeader.php): failed to open stream: No such file or directory at C:\\xampp\\htdocs\\ujianSekolah\\vendor\\composer\\ClassLoader.php:444)"} []
[2018-02-04 08:16:43] local.ERROR: include(C:\xampp\htdocs\ujianSekolah\vendor\symfony\http-foundation\AcceptHeader.php): failed to open stream: No such file or directory {"userId":1,"email":"test@example.com","exception":"[object] (ErrorException(code: 0): include(C:\\xampp\\htdocs\\ujianSekolah\\vendor\\symfony\\http-foundation\\AcceptHeader.php): failed to open stream: No such file or directory at C:\\xampp\\htdocs\\ujianSekolah\\vendor\\composer\\ClassLoader.php:444)"} []
[2018-02-04 08:16:43] local.ERROR: include(C:\xampp\htdocs\ujianSekolah\vendor\symfony\http-foundation\AcceptHeader.php): failed to open stream: No such file or directory {"userId":1,"email":"test@example.com","exception":"[object] (ErrorException(code: 0): include(C:\\xampp\\htdocs\\ujianSekolah\\vendor\\symfony\\http-foundation\\AcceptHeader.php): failed to open stream: No such file or directory at C:\\xampp\\htdocs\\ujianSekolah\\vendor\\composer\\ClassLoader.php:444)"} []
[2018-02-04 08:16:43] local.ERROR: include(C:\xampp\htdocs\ujianSekolah\vendor\symfony\http-foundation\AcceptHeader.php): failed to open stream: No such file or directory {"userId":1,"email":"test@example.com","exception":"[object] (ErrorException(code: 0): include(C:\\xampp\\htdocs\\ujianSekolah\\vendor\\symfony\\http-foundation\\AcceptHeader.php): failed to open stream: No such file or directory at C:\\xampp\\htdocs\\ujianSekolah\\vendor\\composer\\ClassLoader.php:444)"} []
[2018-02-04 08:16:43] local.ERROR: include(C:\xampp\htdocs\ujianSekolah\vendor\symfony\http-foundation\AcceptHeader.php): failed to open stream: No such file or directory {"userId":1,"email":"test@example.com","exception":"[object] (ErrorException(code: 0): include(C:\\xampp\\htdocs\\ujianSekolah\\vendor\\symfony\\http-foundation\\AcceptHeader.php): failed to open stream: No such file or directory at C:\\xampp\\htdocs\\ujianSekolah\\vendor\\composer\\ClassLoader.php:444)"} []
[2018-02-04 08:16:43] local.ERROR: include(C:\xampp\htdocs\ujianSekolah\vendor\symfony\http-foundation\AcceptHeader.php): failed to open stream: No such file or directory {"userId":1,"email":"test@example.com","exception":"[object] (ErrorException(code: 0): include(C:\\xampp\\htdocs\\ujianSekolah\\vendor\\symfony\\http-foundation\\AcceptHeader.php): failed to open stream: No such file or directory at C:\\xampp\\htdocs\\ujianSekolah\\vendor\\composer\\ClassLoader.php:444)"} []
[2018-02-04 08:16:43] local.ERROR: include(C:\xampp\htdocs\ujianSekolah\vendor\symfony\http-foundation\AcceptHeader.php): failed to open stream: No such file or directory {"userId":1,"email":"test@example.com","exception":"[object] (ErrorException(code: 0): include(C:\\xampp\\htdocs\\ujianSekolah\\vendor\\symfony\\http-foundation\\AcceptHeader.php): failed to open stream: No such file or directory at C:\\xampp\\htdocs\\ujianSekolah\\vendor\\composer\\ClassLoader.php:444)"} []
[2018-02-04 08:16:43] local.ERROR: Uncaught ErrorException: include(C:\xampp\htdocs\ujianSekolah\vendor\symfony\http-foundation\AcceptHeader.php): failed to open stream: No such file or directory in C:\xampp\htdocs\ujianSekolah\vendor\composer\ClassLoader.php:444 Stack trace: #0 C:\xampp\htdocs\ujianSekolah\vendor\composer\ClassLoader.php(444): Illuminate\Foundation\Bootstrap\HandleExceptions->handleError(2, 'include(C:\\xamp...', 'C:\\xampp\\htdocs...', 444, Array) #1 C:\xampp\htdocs\ujianSekolah\vendor\composer\ClassLoader.php(444): include() #2 C:\xampp\htdocs\ujianSekolah\vendor\composer\ClassLoader.php(322): Composer\Autoload\includeFile('C:\\xampp\\htdocs...') #3 [internal function]: Composer\Autoload\ClassLoader->loadClass('Symfony\\Compone...') #4 C:\xampp\htdocs\ujianSekolah\vendor\symfony\http-foundation\Request.php(1787): spl_autoload_call('Symfony\\Compone...') #5 C:\xampp\htdocs\ujianSekolah\vendor\laravel\framework\src\Illuminate\Http\Concerns\InteractsWithContentTypes.php(54): Symfony\Component\HttpFoundation\Request->getAccepta {"userId":1,"email":"test@example.com","exception":"[object] (Symfony\\Component\\Debug\\Exception\\FatalErrorException(code: 1): Uncaught ErrorException: include(C:\\xampp\\htdocs\\ujianSekolah\\vendor\\symfony\\http-foundation\\AcceptHeader.php): failed to open stream: No such file or directory in C:\\xampp\\htdocs\\ujianSekolah\\vendor\\composer\\ClassLoader.php:444\nStack trace:\n#0 C:\\xampp\\htdocs\\ujianSekolah\\vendor\\composer\\ClassLoader.php(444): Illuminate\\Foundation\\Bootstrap\\HandleExceptions->handleError(2, 'include(C:\\\\xamp...', 'C:\\\\xampp\\\\htdocs...', 444, Array)\n#1 C:\\xampp\\htdocs\\ujianSekolah\\vendor\\composer\\ClassLoader.php(444): include()\n#2 C:\\xampp\\htdocs\\ujianSekolah\\vendor\\composer\\ClassLoader.php(322): Composer\\Autoload\\includeFile('C:\\\\xampp\\\\htdocs...')\n#3 [internal function]: Composer\\Autoload\\ClassLoader->loadClass('Symfony\\\\Compone...')\n#4 C:\\xampp\\htdocs\\ujianSekolah\\vendor\\symfony\\http-foundation\\Request.php(1787): spl_autoload_call('Symfony\\\\Compone...')\n#5 C:\\xampp\\htdocs\\ujianSekolah\\vendor\\laravel\\framework\\src\\Illuminate\\Http\\Concerns\\InteractsWithContentTypes.php(54): Symfony\\Component\\HttpFoundation\\Request->getAccepta at C:\\xampp\\htdocs\\ujianSekolah\\vendor\\composer\\ClassLoader.php:444)"} []
